app/build/outputs/logs/manifest-merger-release-report.txt
-- Merging decision tree log ---
manifest
ADDED from src\main\AndroidManifest.xml:2:1-133:12
	package
		ADDED from src\main\AndroidManifest.xml:4:5-35
		INJECTED from src\main\AndroidManifest.xml
		INJECTED from src\main\AndroidManifest.xml
	android:versionName
		INJECTED from src\main\AndroidManifest.xml
		INJECTED from src\main\AndroidManifest.xml
	xmlns:tools
		ADDED from src\main\AndroidManifest.xml:3:5-51
	xmlns:android
		ADDED from src\main\AndroidManifest.xml:2:11-69
	android:versionCode
		INJECTED from src\main\AndroidManifest.xml
		INJECTED from src\main\AndroidManifest.xml
uses-permission#android.permission.INTERNET
ADDED from src\main\AndroidManifest.xml:6:5-67
MERGED from [com.crashlytics.sdk.android:crashlytics:2.7.1] AndroidManifest.xml:9:5-67
MERGED from [com.crashlytics.sdk.android:beta:1.2.7] AndroidManifest.xml:9:5-67
MERGED from [com.crashlytics.sdk.android:crashlytics-core:2.4.1] AndroidManifest.xml:52:5-67
MERGED from [com.crashlytics.sdk.android:answers:1.4.1] AndroidManifest.xml:9:5-67
MERGED from [io.fabric.sdk.android:fabric:1.4.1] AndroidManifest.xml:29:5-67
MERGED from [co.ronash.android:pushe-base:1.3.1] AndroidManifest.xml:15:5-67
MERGED from [com.google.android.gms:play-services-gcm:10.0.1] AndroidManifest.xml:21:5-66
MERGED from [com.google.android.gms:play-services-iid:10.0.1] AndroidManifest.xml:21:5-66
MERGED from [com.google.firebase:firebase-analytics:10.0.1] AndroidManifest.xml:20:5-66
MERGED from [com.google.firebase:firebase-analytics-impl:10.0.1] AndroidManifest.xml:20:5-66
MERGED from [com.google.firebase:firebase-iid:10.0.1] AndroidManifest.xml:20:5-66
	android:name
		ADDED from src\main\AndroidManifest.xml:6:22-64
uses-permission#android.permission.ACCESS_NETWORK_STATE
ADDED from src\main\AndroidManifest.xml:8:5-79
MERGED from [co.ronash.android:pushe-base:1.3.1] AndroidManifest.xml:19:5-79
MERGED from [com.evernote:android-job:1.1.11] AndroidManifest.xml:13:5-79
MERGED from [com.google.firebase:firebase-analytics:10.0.1] AndroidManifest.xml:21:5-78
MERGED from [com.google.firebase:firebase-analytics-impl:10.0.1] AndroidManifest.xml:21:5-78
MERGED from [com.google.firebase:firebase-iid:10.0.1] AndroidManifest.xml:19:5-78
	android:name
		ADDED from src\main\AndroidManifest.xml:8:22-76
uses-permission#android.permission.READ_CONTACTS
ADDED from src\main\AndroidManifest.xml:9:5-72
	android:name
		ADDED from src\main\AndroidManifest.xml:9:22-69
uses-permission#android.permission.WRITE_CONTACTS
ADDED from src\main\AndroidManifest.xml:10:5-73
	android:name
		ADDED from src\main\AndroidManifest.xml:10:22-70
uses-permission#android.permission.WRITE_SETTINGS
ADDED from src\main\AndroidManifest.xml:11:5-73
	android:name
		ADDED from src\main\AndroidManifest.xml:11:22-70
uses-permission#android.permission.WRITE_EXTERNAL_STORAGE
ADDED from src\main\AndroidManifest.xml:12:5-81
	android:name
		ADDED from src\main\AndroidManifest.xml:12:22-78
uses-permission#android.permission.WAKE_LOCK
ADDED from src\main\AndroidManifest.xml:13:5-68
MERGED from [co.ronash.android:pushe-base:1.3.1] AndroidManifest.xml:16:5-68
MERGED from [com.evernote:android-job:1.1.11] AndroidManifest.xml:12:5-68
MERGED from [com.google.firebase:firebase-analytics:10.0.1] AndroidManifest.xml:22:5-67
MERGED from [com.google.firebase:firebase-analytics-impl:10.0.1] AndroidManifest.xml:22:5-67
MERGED from [com.google.firebase:firebase-iid:10.0.1] AndroidManifest.xml:21:5-67
	android:name
		ADDED from src\main\AndroidManifest.xml:13:22-65
protected-broadcast
ADDED from src\main\AndroidManifest.xml:14:5-79
	android:name
		ADDED from src\main\AndroidManifest.xml:14:26-76
uses-sdk
ADDED from src\main\AndroidManifest.xml:16:5-17:51
MERGED from [com.android.support:support-v13:25.3.1] AndroidManifest.xml:21:5-23:55
MERGED from [com.android.support:design:25.3.1] AndroidManifest.xml:21:5-23:62
MERGED from [com.android.support:appcompat-v7:25.3.1] AndroidManifest.xml:21:5-23:78
MERGED from [com.android.support:animated-vector-drawable:25.3.1] AndroidManifest.xml:20:5-44
MERGED from [com.android.support:support-vector-drawable:25.3.1] AndroidManifest.xml:20:5-43
MERGED from [com.android.support:transition:25.3.1] AndroidManifest.xml:20:5-44
MERGED from [com.android.support:recyclerview-v7:25.3.1] AndroidManifest.xml:20:5-43
MERGED from [com.android.support:cardview-v7:25.3.1] AndroidManifest.xml:20:5-43
MERGED from [com.ogaclejapan.smarttablayout:library:1.6.1] AndroidManifest.xml:8:5-10:41
MERGED from [com.github.deano2390:MaterialShowcaseView:1.2.0] AndroidManifest.xml:7:5-9:41
MERGED from [com.crashlytics.sdk.android:crashlytics:2.7.1] AndroidManifest.xml:7:5-43
MERGED from [com.crashlytics.sdk.android:beta:1.2.7] AndroidManifest.xml:7:5-43
MERGED from [com.crashlytics.sdk.android:crashlytics-ndk:1.1.6] AndroidManifest.xml:29:5-43
MERGED from [com.crashlytics.sdk.android:crashlytics-core:2.4.1] AndroidManifest.xml:50:5-43
MERGED from [com.crashlytics.sdk.android:answers:1.4.1] AndroidManifest.xml:7:5-43
MERGED from [io.fabric.sdk.android:fabric:1.4.1] AndroidManifest.xml:27:5-43
MERGED from [co.ronash.android:pushe-base:1.3.1] AndroidManifest.xml:9:5-12:85
MERGED from [com.google.android.gms:play-services-location:10.0.1] AndroidManifest.xml:3:5-42
MERGED from [com.evernote:android-job:1.1.11] AndroidManifest.xml:8:5-10:41
MERGED from [net.vrallev.android:cat:1.0.5] AndroidManifest.xml:7:5-9:41
MERGED from [com.joshdholtz.sentry:sentry-android:1.6.2] AndroidManifest.xml:7:5-9:41
MERGED from [com.google.android.gms:play-services-gcm:10.0.1] AndroidManifest.xml:17:5-42
MERGED from [com.google.android.gms:play-services-iid:10.0.1] AndroidManifest.xml:17:5-42
MERGED from [com.google.android.gms:play-services-base:10.0.1] AndroidManifest.xml:17:5-42
MERGED from [com.google.firebase:firebase-core:10.0.1] AndroidManifest.xml:4:5-42
MERGED from [com.google.firebase:firebase-analytics:10.0.1] AndroidManifest.xml:17:5-42
MERGED from [com.google.firebase:firebase-analytics-impl:10.0.1] AndroidManifest.xml:17:5-42
MERGED from [com.google.firebase:firebase-iid:10.0.1] AndroidManifest.xml:17:5-42
MERGED from [com.google.firebase:firebase-common:10.0.1] AndroidManifest.xml:3:5-42
MERGED from [com.google.android.gms:play-services-tasks:10.0.1] AndroidManifest.xml:3:5-42
MERGED from [com.google.android.gms:play-services-basement:10.0.1] AndroidManifest.xml:17:5-42
MERGED from [com.android.support:support-v4:25.3.1] AndroidManifest.xml:21:5-23:54
MERGED from [com.android.support:support-fragment:25.3.1] AndroidManifest.xml:21:5-23:60
MERGED from [com.android.support:support-media-compat:25.3.1] AndroidManifest.xml:21:5-23:63
MERGED from [com.android.support:support-core-ui:25.3.1] AndroidManifest.xml:21:5-23:58
MERGED from [com.android.support:support-core-utils:25.3.1] AndroidManifest.xml:21:5-23:61
MERGED from [com.android.support:support-compat:25.3.1] AndroidManifest.xml:21:5-23:58
	tools:overrideLibrary
		ADDED from src\main\AndroidManifest.xml:17:9-48
	android:targetSdkVersion
		INJECTED from src\main\AndroidManifest.xml
		INJECTED from src\main\AndroidManifest.xml
	android:minSdkVersion
		INJECTED from src\main\AndroidManifest.xml
		INJECTED from src\main\AndroidManifest.xml
permission#com.isatel.app.ringo.permission.C2D_MESSAGE
ADDED from src\main\AndroidManifest.xml:18:5-20:47
MERGED from [com.google.firebase:firebase-iid:10.0.1] AndroidManifest.xml:24:5-109
	android:protectionLevel
		ADDED from src\main\AndroidManifest.xml:20:9-44
	android:name
		ADDED from src\main\AndroidManifest.xml:19:9-67
uses-permission#com.isatel.app.ringo.permission.C2D_MESSAGE
ADDED from src\main\AndroidManifest.xml:21:5-83
MERGED from [com.google.firebase:firebase-iid:10.0.1] AndroidManifest.xml:26:5-78
	android:name
		ADDED from src\main\AndroidManifest.xml:21:22-80
uses-permission#android.permission.READ_PHONE_STATE
ADDED from src\main\AndroidManifest.xml:22:5-74
	android:name
		ADDED from src\main\AndroidManifest.xml:22:22-72
uses-permission#com.google.android.gms.permission.ACTIVITY_RECOGNITION
ADDED from src\main\AndroidManifest.xml:23:5-93
	android:name
		ADDED from src\main\AndroidManifest.xml:23:22-91
supports-screens
ADDED from src\main\AndroidManifest.xml:25:5-51
	android:anyDensity
		ADDED from src\main\AndroidManifest.xml:25:23-48
application
ADDED from src\main\AndroidManifest.xml:27:5-131:19
MERGED from [com.android.support:support-v13:25.3.1] AndroidManifest.xml:29:5-20
MERGED from [com.android.support:design:25.3.1] AndroidManifest.xml:29:5-20
MERGED from [com.android.support:appcompat-v7:25.3.1] AndroidManifest.xml:29:5-20
MERGED from [com.android.support:animated-vector-drawable:25.3.1] AndroidManifest.xml:26:5-20
MERGED from [com.android.support:support-vector-drawable:25.3.1] AndroidManifest.xml:26:5-20
MERGED from [com.android.support:transition:25.3.1] AndroidManifest.xml:26:5-20
MERGED from [com.android.support:cardview-v7:25.3.1] AndroidManifest.xml:26:5-20
MERGED from [com.crashlytics.sdk.android:crashlytics:2.7.1] AndroidManifest.xml:11:5-17:19
MERGED from [com.crashlytics.sdk.android:beta:1.2.7] AndroidManifest.xml:11:5-20
MERGED from [com.crashlytics.sdk.android:crashlytics-ndk:1.1.6] AndroidManifest.xml:31:5-20
MERGED from [com.crashlytics.sdk.android:crashlytics-core:2.4.1] AndroidManifest.xml:54:5-20
MERGED from [com.crashlytics.sdk.android:answers:1.4.1] AndroidManifest.xml:11:5-20
MERGED from [io.fabric.sdk.android:fabric:1.4.1] AndroidManifest.xml:31:5-20
MERGED from [co.ronash.android:pushe-base:1.3.1] AndroidManifest.xml:22:5-132:19
MERGED from [com.google.android.gms:play-services-location:10.0.1] AndroidManifest.xml:4:5-19
MERGED from [com.evernote:android-job:1.1.11] AndroidManifest.xml:16:5-58:19
MERGED from [com.google.android.gms:play-services-gcm:10.0.1] AndroidManifest.xml:23:5-19
MERGED from [com.google.android.gms:play-services-iid:10.0.1] AndroidManifest.xml:23:5-19
MERGED from [com.google.android.gms:play-services-base:10.0.1] AndroidManifest.xml:18:5-20:19
MERGED from [com.google.firebase:firebase-core:10.0.1] AndroidManifest.xml:5:5-20
MERGED from [com.google.firebase:firebase-analytics:10.0.1] AndroidManifest.xml:24:5-33:19
MERGED from [com.google.firebase:firebase-analytics-impl:10.0.1] AndroidManifest.xml:24:5-28:19
MERGED from [com.google.firebase:firebase-iid:10.0.1] AndroidManifest.xml:28:5-50:19
MERGED from [com.google.firebase:firebase-common:10.0.1] AndroidManifest.xml:4:5-7:19
MERGED from [com.google.android.gms:play-services-tasks:10.0.1] AndroidManifest.xml:4:5-19
MERGED from [com.google.android.gms:play-services-basement:10.0.1] AndroidManifest.xml:19:5-21:19
MERGED from [com.android.support:support-v4:25.3.1] AndroidManifest.xml:29:5-20
MERGED from [com.android.support:support-fragment:25.3.1] AndroidManifest.xml:29:5-20
MERGED from [com.android.support:support-media-compat:25.3.1] AndroidManifest.xml:29:5-20
MERGED from [com.android.support:support-core-ui:25.3.1] AndroidManifest.xml:29:5-20
MERGED from [com.android.support:support-core-utils:25.3.1] AndroidManifest.xml:29:5-20
MERGED from [com.android.support:support-compat:25.3.1] AndroidManifest.xml:29:5-20
	android:label
		ADDED from src\main\AndroidManifest.xml:31:9-41
	android:hardwareAccelerated
		ADDED from src\main\AndroidManifest.xml:32:9-43
	tools:ignore
		ADDED from [com.evernote:android-job:1.1.11] AndroidManifest.xml:16:18-44
	android:icon
		ADDED from src\main\AndroidManifest.xml:29:9-44
	android:largeHeap
		ADDED from src\main\AndroidManifest.xml:30:9-33
	android:theme
		ADDED from src\main\AndroidManifest.xml:33:9-40
	android:name
		ADDED from src\main\AndroidManifest.xml:28:9-46
activity#com.isatel.app.ringo.MainActivity
ADDED from src\main\AndroidManifest.xml:35:9-43:20
	android:screenOrientation
		ADDED from src\main\AndroidManifest.xml:38:13-49
	android:label
		ADDED from src\main\AndroidManifest.xml:37:13-45
	android:name
		ADDED from src\main\AndroidManifest.xml:36:13-61
intent-filter#android.intent.action.MAIN+android.intent.category.LAUNCHER
ADDED from src\main\AndroidManifest.xml:39:13-42:29
action#android.intent.action.MAIN
ADDED from src\main\AndroidManifest.xml:40:17-69
	android:name
		ADDED from src\main\AndroidManifest.xml:40:25-66
category#android.intent.category.LAUNCHER
ADDED from src\main\AndroidManifest.xml:41:17-77
	android:name
		ADDED from src\main\AndroidManifest.xml:41:27-74
activity#com.isatel.app.ringo.RingtoneSelectActivity
ADDED from src\main\AndroidManifest.xml:45:9-54:20
	android:label
		ADDED from src\main\AndroidManifest.xml:47:13-56
	android:name
		ADDED from src\main\AndroidManifest.xml:46:13-71
intent-filter#android.intent.action.GET_CONTENT+android.intent.category.DEFAULT+android.intent.category.OPENABLE
ADDED from src\main\AndroidManifest.xml:48:13-53:29
action#android.intent.action.GET_CONTENT
ADDED from src\main\AndroidManifest.xml:49:17-76
	android:name
		ADDED from src\main\AndroidManifest.xml:49:25-73
category#android.intent.category.DEFAULT
ADDED from src\main\AndroidManifest.xml:50:17-76
	android:name
		ADDED from src\main\AndroidManifest.xml:50:27-73
category#android.intent.category.OPENABLE
ADDED from src\main\AndroidManifest.xml:51:17-77
	android:name
		ADDED from src\main\AndroidManifest.xml:51:27-74
data
ADDED from src\main\AndroidManifest.xml:52:17-52
	android:mimeType
		ADDED from src\main\AndroidManifest.xml:52:23-49
activity#com.isatel.app.ringo.ActivityEditedRings
ADDED from src\main\AndroidManifest.xml:55:9-64:20
	android:label
		ADDED from src\main\AndroidManifest.xml:57:13-56
	android:name
		ADDED from src\main\AndroidManifest.xml:56:13-68
activity#com.isatel.app.ringo.RingtoneEditActivity
ADDED from src\main\AndroidManifest.xml:66:9-76:20
	android:hardwareAccelerated
		ADDED from src\main\AndroidManifest.xml:69:13-47
	android:windowSoftInputMode
		ADDED from src\main\AndroidManifest.xml:71:13-55
	android:configChanges
		ADDED from src\main\AndroidManifest.xml:68:13-63
	android:theme
		ADDED from src\main\AndroidManifest.xml:70:13-44
	android:name
		ADDED from src\main\AndroidManifest.xml:67:13-69
intent-filter#android.intent.action.EDIT
ADDED from src\main\AndroidManifest.xml:72:13-75:29
	android:label
		ADDED from src\main\AndroidManifest.xml:72:28-63
action#android.intent.action.EDIT
ADDED from src\main\AndroidManifest.xml:73:17-69
	android:name
		ADDED from src\main\AndroidManifest.xml:73:25-66
activity#com.isatel.app.ringo.ActivityGoPremium
ADDED from src\main\AndroidManifest.xml:77:9-81:59
	android:screenOrientation
		ADDED from src\main\AndroidManifest.xml:79:13-49
	android:windowSoftInputMode
		ADDED from src\main\AndroidManifest.xml:81:13-56
	android:theme
		ADDED from src\main\AndroidManifest.xml:80:13-56
	android:name
		ADDED from src\main\AndroidManifest.xml:78:13-66
activity#com.isatel.app.ringo.ActivityDescriptions
ADDED from src\main\AndroidManifest.xml:82:9-86:59
	android:screenOrientation
		ADDED from src\main\AndroidManifest.xml:84:13-49
	android:windowSoftInputMode
		ADDED from src\main\AndroidManifest.xml:86:13-56
	android:theme
		ADDED from src\main\AndroidManifest.xml:85:13-56
	android:name
		ADDED from src\main\AndroidManifest.xml:83:13-69
activity#com.isatel.app.ringo.ActivityStore
ADDED from src\main\AndroidManifest.xml:87:9-97:20
	android:screenOrientation
		ADDED from src\main\AndroidManifest.xml:89:13-49
	android:windowSoftInputMode
		ADDED from src\main\AndroidManifest.xml:91:13-56
	android:theme
		ADDED from src\main\AndroidManifest.xml:90:13-56
	android:name
		ADDED from src\main\AndroidManifest.xml:88:13-62
intent-filter#android.intent.action.MEDIA_MOUNTED
ADDED from src\main\AndroidManifest.xml:92:13-95:29
action#android.intent.action.MEDIA_MOUNTED
ADDED from src\main\AndroidManifest.xml:93:17-78
	android:name
		ADDED from src\main\AndroidManifest.xml:93:25-75
activity#com.isatel.app.ringo.ChooseContactActivity
ADDED from src\main\AndroidManifest.xml:98:9-100:66
	android:configChanges
		ADDED from src\main\AndroidManifest.xml:100:13-63
	android:name
		ADDED from src\main\AndroidManifest.xml:99:13-70
meta-data#io.fabric.ApiKey
ADDED from src\main\AndroidManifest.xml:101:9-103:72
	android:value
		ADDED from src\main\AndroidManifest.xml:103:13-69
	android:name
		ADDED from src\main\AndroidManifest.xml:102:13-44
receiver#co.ronash.pushe.receiver.UpdateReceiver
ADDED from src\main\AndroidManifest.xml:106:9-114:20
	android:name
		ADDED from src\main\AndroidManifest.xml:106:19-73
intent-filter#android.intent.action.PACKAGE_REPLACED
ADDED from src\main\AndroidManifest.xml:107:13-113:29
action#android.intent.action.PACKAGE_REPLACED
ADDED from src\main\AndroidManifest.xml:108:17-81
	android:name
		ADDED from src\main\AndroidManifest.xml:108:25-78
receiver#com.google.android.gms.gcm.GcmReceiver
ADDED from src\main\AndroidManifest.xml:116:9-127:20
	android:exported
		ADDED from src\main\AndroidManifest.xml:118:13-36
	android:permission
		ADDED from src\main\AndroidManifest.xml:119:13-73
	android:name
		ADDED from src\main\AndroidManifest.xml:117:13-66
intent-filter#com.google.android.c2dm.intent.RECEIVE+com.google.android.c2dm.intent.REGISTRATION+com.isatel.app.ringo
ADDED from src\main\AndroidManifest.xml:120:13-126:29
action#com.google.android.c2dm.intent.RECEIVE
ADDED from src\main\AndroidManifest.xml:121:17-81
	android:name
		ADDED from src\main\AndroidManifest.xml:121:25-78
action#com.google.android.c2dm.intent.REGISTRATION
ADDED from src\main\AndroidManifest.xml:123:17-86
	android:name
		ADDED from src\main\AndroidManifest.xml:123:25-83
category#com.isatel.app.ringo
ADDED from src\main\AndroidManifest.xml:125:17-65
	android:name
		ADDED from src\main\AndroidManifest.xml:125:27-62
meta-data#co.ronash.pushe.token
ADDED from src\main\AndroidManifest.xml:129:9-93
	android:value
		ADDED from src\main\AndroidManifest.xml:129:57-91
	android:name
		ADDED from src\main\AndroidManifest.xml:129:20-56
meta-data#co.ronash.pushe.cr
ADDED from src\main\AndroidManifest.xml:130:9-192
	android:value
		ADDED from src\main\AndroidManifest.xml:130:54-190
	android:name
		ADDED from src\main\AndroidManifest.xml:130:20-53
meta-data#android.support.VERSION
ADDED from [com.android.support:support-v13:25.3.1] AndroidManifest.xml:25:5-27:34
MERGED from [com.android.support:design:25.3.1] AndroidManifest.xml:25:5-27:34
MERGED from [com.android.support:appcompat-v7:25.3.1] AndroidManifest.xml:25:5-27:34
MERGED from [com.android.support:animated-vector-drawable:25.3.1] AndroidManifest.xml:22:5-24:34
MERGED from [com.android.support:support-vector-drawable:25.3.1] AndroidManifest.xml:22:5-24:34
MERGED from [com.android.support:transition:25.3.1] AndroidManifest.xml:22:5-24:34
MERGED from [com.android.support:recyclerview-v7:25.3.1] AndroidManifest.xml:22:5-24:34
MERGED from [com.android.support:cardview-v7:25.3.1] AndroidManifest.xml:22:5-24:34
MERGED from [com.android.support:support-v4:25.3.1] AndroidManifest.xml:25:5-27:34
MERGED from [com.android.support:support-fragment:25.3.1] AndroidManifest.xml:25:5-27:34
MERGED from [com.android.support:support-media-compat:25.3.1] AndroidManifest.xml:25:5-27:34
MERGED from [com.android.support:support-core-ui:25.3.1] AndroidManifest.xml:25:5-27:34
MERGED from [com.android.support:support-core-utils:25.3.1] AndroidManifest.xml:25:5-27:34
MERGED from [com.android.support:support-compat:25.3.1] AndroidManifest.xml:25:5-27:34
	android:value
		ADDED from [com.android.support:support-v13:25.3.1] AndroidManifest.xml:27:9-31
	android:name
		ADDED from [com.android.support:support-v13:25.3.1] AndroidManifest.xml:26:9-47
provider#com.crashlytics.android.CrashlyticsInitProvider
ADDED from [com.crashlytics.sdk.android:crashlytics:2.7.1] AndroidManifest.xml:12:9-16:39
	android:authorities
		ADDED from [com.crashlytics.sdk.android:crashlytics:2.7.1] AndroidManifest.xml:14:13-75
	android:exported
		ADDED from [com.crashlytics.sdk.android:crashlytics:2.7.1] AndroidManifest.xml:15:13-37
	android:initOrder
		ADDED from [com.crashlytics.sdk.android:crashlytics:2.7.1] AndroidManifest.xml:16:13-36
	android:name
		ADDED from [com.crashlytics.sdk.android:crashlytics:2.7.1] AndroidManifest.xml:13:13-75
uses-permission#com.google.android.c2dm.permission.RECEIVE
ADDED from [co.ronash.android:pushe-base:1.3.1] AndroidManifest.xml:14:5-82
MERGED from [com.google.android.gms:play-services-gcm:10.0.1] AndroidManifest.xml:20:5-81
MERGED from [com.google.android.gms:play-services-iid:10.0.1] AndroidManifest.xml:20:5-81
MERGED from [com.google.firebase:firebase-iid:10.0.1] AndroidManifest.xml:22:5-81
	android:name
		ADDED from [co.ronash.android:pushe-base:1.3.1] AndroidManifest.xml:14:22-79
uses-permission#android.permission.RECEIVE_BOOT_COMPLETED
ADDED from [co.ronash.android:pushe-base:1.3.1] AndroidManifest.xml:17:5-81
MERGED from [com.evernote:android-job:1.1.11] AndroidManifest.xml:14:5-81
	android:name
		ADDED from [co.ronash.android:pushe-base:1.3.1] AndroidManifest.xml:17:22-78
uses-permission#android.permission.ACCESS_COARSE_LOCATION
ADDED from [co.ronash.android:pushe-base:1.3.1] AndroidManifest.xml:18:5-81
	android:name
		ADDED from [co.ronash.android:pushe-base:1.3.1] AndroidManifest.xml:18:22-78
uses-permission#android.permission.ACCESS_WIFI_STATE
ADDED from [co.ronash.android:pushe-base:1.3.1] AndroidManifest.xml:20:5-76
	android:name
		ADDED from [co.ronash.android:pushe-base:1.3.1] AndroidManifest.xml:20:22-73
service#co.ronash.pushe.service.GcmService
ADDED from [co.ronash.android:pushe-base:1.3.1] AndroidManifest.xml:23:9-29:19
	android:exported
		ADDED from [co.ronash.android:pushe-base:1.3.1] AndroidManifest.xml:25:13-37
	android:name
		ADDED from [co.ronash.android:pushe-base:1.3.1] AndroidManifest.xml:24:13-62
intent-filter#com.google.android.c2dm.intent.RECEIVE
ADDED from [co.ronash.android:pushe-base:1.3.1] AndroidManifest.xml:26:13-28:29
receiver#co.ronash.pushe.receiver.FallbackGcmNetworkManagerReceiver
ADDED from [co.ronash.android:pushe-base:1.3.1] AndroidManifest.xml:31:9-37:20
	android:exported
		ADDED from [co.ronash.android:pushe-base:1.3.1] AndroidManifest.xml:33:13-36
	android:name
		ADDED from [co.ronash.android:pushe-base:1.3.1] AndroidManifest.xml:32:13-86
intent-filter#co.ronash.pushe.CHECK_TASKS
ADDED from [co.ronash.android:pushe-base:1.3.1] AndroidManifest.xml:34:13-36:29
action#co.ronash.pushe.CHECK_TASKS
ADDED from [co.ronash.android:pushe-base:1.3.1] AndroidManifest.xml:35:17-70
	android:name
		ADDED from [co.ronash.android:pushe-base:1.3.1] AndroidManifest.xml:35:25-67
receiver#co.ronash.pushe.receiver.BootAndScreenReceiver
ADDED from [co.ronash.android:pushe-base:1.3.1] AndroidManifest.xml:38:9-43:20
	android:name
		ADDED from [co.ronash.android:pushe-base:1.3.1] AndroidManifest.xml:38:19-80
intent-filter#android.intent.action.BOOT_COMPLETED+android.intent.action.QUICKBOOT_POWERON
ADDED from [co.ronash.android:pushe-base:1.3.1] AndroidManifest.xml:39:13-42:29
action#android.intent.action.BOOT_COMPLETED
ADDED from [co.ronash.android:pushe-base:1.3.1] AndroidManifest.xml:40:17-79
	android:name
		ADDED from [co.ronash.android:pushe-base:1.3.1] AndroidManifest.xml:40:25-76
action#android.intent.action.QUICKBOOT_POWERON
ADDED from [co.ronash.android:pushe-base:1.3.1] AndroidManifest.xml:41:17-82
	android:name
		ADDED from [co.ronash.android:pushe-base:1.3.1] AndroidManifest.xml:41:25-79
service#co.ronash.pushe.service.ScreenStateService
ADDED from [co.ronash.android:pushe-base:1.3.1] AndroidManifest.xml:45:9-49:19
	android:name
		ADDED from [co.ronash.android:pushe-base:1.3.1] AndroidManifest.xml:45:18-75
intent-filter#co.ronash.pushe.service.ScreenStateService
ADDED from [co.ronash.android:pushe-base:1.3.1] AndroidManifest.xml:46:13-48:29
action#co.ronash.pushe.service.ScreenStateService
ADDED from [co.ronash.android:pushe-base:1.3.1] AndroidManifest.xml:47:17-85
	android:name
		ADDED from [co.ronash.android:pushe-base:1.3.1] AndroidManifest.xml:47:25-82
receiver#co.ronash.pushe.receiver.ConnectivityReceiver
ADDED from [co.ronash.android:pushe-base:1.3.1] AndroidManifest.xml:51:9-55:20
	android:name
		ADDED from [co.ronash.android:pushe-base:1.3.1] AndroidManifest.xml:51:19-79
intent-filter#android.net.conn.CONNECTIVITY_CHANGE
ADDED from [co.ronash.android:pushe-base:1.3.1] AndroidManifest.xml:52:13-54:29
action#android.net.conn.CONNECTIVITY_CHANGE
ADDED from [co.ronash.android:pushe-base:1.3.1] AndroidManifest.xml:53:17-79
	android:name
		ADDED from [co.ronash.android:pushe-base:1.3.1] AndroidManifest.xml:53:25-76
receiver#co.ronash.pushe.receiver.AppUsageAlarmReceiver
ADDED from [co.ronash.android:pushe-base:1.3.1] AndroidManifest.xml:56:9-59:20
	android:exported
		ADDED from [co.ronash.android:pushe-base:1.3.1] AndroidManifest.xml:58:13-37
	android:name
		ADDED from [co.ronash.android:pushe-base:1.3.1] AndroidManifest.xml:57:13-74
receiver#co.ronash.pushe.receiver.AddReceiver
ADDED from [co.ronash.android:pushe-base:1.3.1] AndroidManifest.xml:60:9-66:20
	android:exported
		ADDED from [co.ronash.android:pushe-base:1.3.1] AndroidManifest.xml:62:13-37
	android:name
		ADDED from [co.ronash.android:pushe-base:1.3.1] AndroidManifest.xml:61:13-64
intent-filter#com.evernote.android.job.ADD_JOB_CREATOR
ADDED from [co.ronash.android:pushe-base:1.3.1] AndroidManifest.xml:63:13-65:29
action#com.evernote.android.job.ADD_JOB_CREATOR
ADDED from [co.ronash.android:pushe-base:1.3.1] AndroidManifest.xml:64:17-83
	android:name
		ADDED from [co.ronash.android:pushe-base:1.3.1] AndroidManifest.xml:64:25-80
receiver#co.ronash.pushe.receiver.AppChangeReceiver
ADDED from [co.ronash.android:pushe-base:1.3.1] AndroidManifest.xml:67:9-75:20
	android:name
		ADDED from [co.ronash.android:pushe-base:1.3.1] AndroidManifest.xml:67:19-76
intent-filter#android.intent.action.PACKAGE_ADDED+android.intent.action.PACKAGE_FULLY_REMOVED+android.intent.action.PACKAGE_INSTALL
ADDED from [co.ronash.android:pushe-base:1.3.1] AndroidManifest.xml:68:13-74:29
action#android.intent.action.PACKAGE_INSTALL
ADDED from [co.ronash.android:pushe-base:1.3.1] AndroidManifest.xml:69:17-80
	android:name
		ADDED from [co.ronash.android:pushe-base:1.3.1] AndroidManifest.xml:69:25-77
action#android.intent.action.PACKAGE_ADDED
ADDED from [co.ronash.android:pushe-base:1.3.1] AndroidManifest.xml:70:17-78
	android:name
		ADDED from [co.ronash.android:pushe-base:1.3.1] AndroidManifest.xml:70:25-75
action#android.intent.action.PACKAGE_FULLY_REMOVED
ADDED from [co.ronash.android:pushe-base:1.3.1] AndroidManifest.xml:71:17-86
	android:name
		ADDED from [co.ronash.android:pushe-base:1.3.1] AndroidManifest.xml:71:25-83
service#co.ronash.pushe.service.FallbackGcmTaskRunner
ADDED from [co.ronash.android:pushe-base:1.3.1] AndroidManifest.xml:77:9-83:19
	android:exported
		ADDED from [co.ronash.android:pushe-base:1.3.1] AndroidManifest.xml:79:13-37
	android:name
		ADDED from [co.ronash.android:pushe-base:1.3.1] AndroidManifest.xml:78:13-73
intent-filter#co.ronash.pushe.ACTION_TASK_READY
ADDED from [co.ronash.android:pushe-base:1.3.1] AndroidManifest.xml:80:13-82:29
action#co.ronash.pushe.ACTION_TASK_READY
ADDED from [co.ronash.android:pushe-base:1.3.1] AndroidManifest.xml:81:17-76
	android:name
		ADDED from [co.ronash.android:pushe-base:1.3.1] AndroidManifest.xml:81:25-73
service#co.ronash.pushe.task.scheduler.gcm.GcmTaskRunner
ADDED from [co.ronash.android:pushe-base:1.3.1] AndroidManifest.xml:84:9-91:19
	android:exported
		ADDED from [co.ronash.android:pushe-base:1.3.1] AndroidManifest.xml:86:13-36
	android:permission
		ADDED from [co.ronash.android:pushe-base:1.3.1] AndroidManifest.xml:87:13-93
	android:name
		ADDED from [co.ronash.android:pushe-base:1.3.1] AndroidManifest.xml:85:13-76
intent-filter#com.google.android.gms.gcm.ACTION_TASK_READY
ADDED from [co.ronash.android:pushe-base:1.3.1] AndroidManifest.xml:88:13-90:29
action#com.google.android.gms.gcm.ACTION_TASK_READY
ADDED from [co.ronash.android:pushe-base:1.3.1] AndroidManifest.xml:89:17-87
	android:name
		ADDED from [co.ronash.android:pushe-base:1.3.1] AndroidManifest.xml:89:25-84
service#co.ronash.pushe.service.IntentTaskRunner
ADDED from [co.ronash.android:pushe-base:1.3.1] AndroidManifest.xml:92:9-94:40
	android:exported
		ADDED from [co.ronash.android:pushe-base:1.3.1] AndroidManifest.xml:94:13-37
	android:name
		ADDED from [co.ronash.android:pushe-base:1.3.1] AndroidManifest.xml:93:13-68
service#co.ronash.pushe.service.InstanceIDService
ADDED from [co.ronash.android:pushe-base:1.3.1] AndroidManifest.xml:95:9-101:19
	android:exported
		ADDED from [co.ronash.android:pushe-base:1.3.1] AndroidManifest.xml:97:13-37
	android:name
		ADDED from [co.ronash.android:pushe-base:1.3.1] AndroidManifest.xml:96:13-69
intent-filter#com.google.android.gms.iid.InstanceID
ADDED from [co.ronash.android:pushe-base:1.3.1] AndroidManifest.xml:98:13-100:29
action#com.google.android.gms.iid.InstanceID
ADDED from [co.ronash.android:pushe-base:1.3.1] AndroidManifest.xml:99:17-80
	android:name
		ADDED from [co.ronash.android:pushe-base:1.3.1] AndroidManifest.xml:99:25-77
activity#co.ronash.pushe.activities.PopupDialogActivity
ADDED from [co.ronash.android:pushe-base:1.3.1] AndroidManifest.xml:103:9-106:20
	android:theme
		ADDED from [co.ronash.android:pushe-base:1.3.1] AndroidManifest.xml:105:13-52
	android:name
		ADDED from [co.ronash.android:pushe-base:1.3.1] AndroidManifest.xml:104:13-74
activity#co.ronash.pushe.activities.WebviewActivity
ADDED from [co.ronash.android:pushe-base:1.3.1] AndroidManifest.xml:107:9-108:20
	android:name
		ADDED from [co.ronash.android:pushe-base:1.3.1] AndroidManifest.xml:107:19-76
activity#co.ronash.pushe.activities.RequestAccessDialogActivity
ADDED from [co.ronash.android:pushe-base:1.3.1] AndroidManifest.xml:109:9-112:20
	android:theme
		ADDED from [co.ronash.android:pushe-base:1.3.1] AndroidManifest.xml:111:13-52
	android:name
		ADDED from [co.ronash.android:pushe-base:1.3.1] AndroidManifest.xml:110:13-82
service#co.ronash.pushe.service.PusheActivityService
ADDED from [co.ronash.android:pushe-base:1.3.1] AndroidManifest.xml:114:9-80
	android:name